Using pre-set license
Built from '2021.1/staging' branch; Version is '2021.1.19f1 (5f5eb8bbdc25) revision 6250168'; Using compiler version '192528614'; Build Type 'Release'
OS: 'Windows 10 Home; OS build 19044.1415; Version 2009; 64bit' Language: 'ja' Physical Memory: 16316 MB
BatchMode: 1, IsHumanControllingUs: 0, StartBugReporterOnCrash: 0, Is64bit: 1, IsPro: 0

COMMAND LINE ARGUMENTS:
C:\Program Files\Unity\Hub\Editor\2021.1.19f1\Editor\Unity.exe
-adb2
-batchMode
-noUpm
-name
AssetImportWorker0
-projectPath
C:/Users/nksm3/Desktop/その他/New Unity Project (5)
-logFile
Logs/AssetImportWorker0.log
-srvPort
62059
Successfully changed project path to: C:/Users/nksm3/Desktop/その他/New Unity Project (5)
C:/Users/nksm3/Desktop/その他/New Unity Project (5)
Using Asset Import Pipeline V2.
Refreshing native plugins compatible for Editor in 29.40 ms, found 2 plugins.
Preloading 0 native plugins for Editor in 0.00 ms.
Initialize engine version: 2021.1.19f1 (5f5eb8bbdc25)
[Subsystems] Discovering subsystems at path C:/Program Files/Unity/Hub/Editor/2021.1.19f1/Editor/Data/Resources/UnitySubsystems
[Subsystems] Discovering subsystems at path C:/Users/nksm3/Desktop/その他/New Unity Project (5)/Assets
GfxDevice: creating device client; threaded=0; jobified=0
Direct3D:
    Version:  Direct3D 11.0 [level 11.1]
    Renderer: NVIDIA GeForce RTX 2060 SUPER (ID=0x1f06)
    Vendor:   NVIDIA
    VRAM:     8031 MB
    Driver:   30.0.14.9613
Initialize mono
Mono path[0] = 'C:/Program Files/Unity/Hub/Editor/2021.1.19f1/Editor/Data/Managed'
Mono path[1] = 'C:/Program Files/Unity/Hub/Editor/2021.1.19f1/Editor/Data/MonoBleedingEdge/lib/mono/unityjit'
Mono config path = 'C:/Program Files/Unity/Hub/Editor/2021.1.19f1/Editor/Data/MonoBleedingEdge/etc'
Using monoOptions --debugger-agent=transport=dt_socket,embedding=1,server=y,suspend=n,address=127.0.0.1:56768
Begin MonoManager ReloadAssembly
Registering precompiled unity dll's ...
Register platform support module: C:/Program Files/Unity/Hub/Editor/2021.1.19f1/Editor/Data/PlaybackEngines/WindowsStandaloneSupport/UnityEditor.WindowsStandalone.Extensions.dll
Registered in 0.001601 seconds.
Native extension for WindowsStandalone target not found
Refreshing native plugins compatible for Editor in 29.30 ms, found 2 plugins.
Preloading 0 native plugins for Editor in 0.00 ms.
Mono: successfully reloaded assembly
- Completed reload, in  0.922 seconds
Domain Reload Profiling:
	ReloadAssembly (922ms)
		BeginReloadAssembly (56ms)
			ExecutionOrderSort (0ms)
			DisableScriptedObjects (0ms)
			BackupInstance (0ms)
			ReleaseScriptingObjects (0ms)
			CreateAndSetChildDomain (1ms)
		EndReloadAssembly (342ms)
			LoadAssemblies (54ms)
			RebuildTransferFunctionScriptingTraits (0ms)
			SetupTypeCache (142ms)
			ReleaseScriptCaches (0ms)
			RebuildScriptCaches (24ms)
			SetupLoadedEditorAssemblies (138ms)
				LogAssemblyErrors (0ms)
				InitializePlatformSupportModulesInManaged (5ms)
				SetLoadedEditorAssemblies (0ms)
				RefreshPlugins (29ms)
				BeforeProcessingInitializeOnLoad (1ms)
				ProcessInitializeOnLoadAttributes (77ms)
				ProcessInitializeOnLoadMethodAttributes (24ms)
				AfterProcessingInitializeOnLoad (0ms)
				EditorAssembliesLoaded (0ms)
			ExecutionOrderSort2 (0ms)
			AwakeInstancesAfterBackupRestoration (0ms)
Platform modules already initialized, skipping
Registering precompiled user dll's ...
Registered in 0.002197 seconds.
Begin MonoManager ReloadAssembly
Native extension for WindowsStandalone target not found
Refreshing native plugins compatible for Editor in 0.37 ms, found 2 plugins.
Preloading 0 native plugins for Editor in 0.00 ms.
Mono: successfully reloaded assembly
- Completed reload, in  0.828 seconds
Domain Reload Profiling:
	ReloadAssembly (828ms)
		BeginReloadAssembly (135ms)
			ExecutionOrderSort (0ms)
			DisableScriptedObjects (4ms)
			BackupInstance (0ms)
			ReleaseScriptingObjects (0ms)
			CreateAndSetChildDomain (19ms)
		EndReloadAssembly (641ms)
			LoadAssemblies (76ms)
			RebuildTransferFunctionScriptingTraits (0ms)
			SetupTypeCache (235ms)
			ReleaseScriptCaches (0ms)
			RebuildScriptCaches (34ms)
			SetupLoadedEditorAssemblies (225ms)
				LogAssemblyErrors (0ms)
				InitializePlatformSupportModulesInManaged (4ms)
				SetLoadedEditorAssemblies (0ms)
				RefreshPlugins (0ms)
				BeforeProcessingInitializeOnLoad (39ms)
				ProcessInitializeOnLoadAttributes (172ms)
				ProcessInitializeOnLoadMethodAttributes (4ms)
				AfterProcessingInitializeOnLoad (5ms)
				EditorAssembliesLoaded (0ms)
			ExecutionOrderSort2 (0ms)
			AwakeInstancesAfterBackupRestoration (5ms)
Platform modules already initialized, skipping
========================================================================
Worker process is ready to serve import requests
Launched and connected shader compiler UnityShaderCompiler.exe after 0.06 seconds
Refreshing native plugins compatible for Editor in 0.36 ms, found 2 plugins.
Preloading 0 native plugins for Editor in 0.00 ms.
Unloading 1503 Unused Serialized files (Serialized files now loaded: 0)
System memory in use before: 94.0 MB.
System memory in use after: 93.8 MB.

Unloading 17 unused Assets to reduce memory usage. Loaded Objects now: 1995.
Total: 2.930800 ms (FindLiveObjects: 0.169300 ms CreateObjectMapping: 0.035900 ms MarkObjects: 2.535000 ms  DeleteObjects: 0.189800 ms)

AssetImportParameters requested are different than current active one (requested -> active):
  custom:framework-win-MediaFoundation: 216162199b28c13a410421893ffa2e32 -> 
  custom:video-decoder-ogg-theora: a1e56fd34408186e4bbccfd4996cb3dc -> 
  custom:container-muxer-webm: aa71ff27fc2769a1b78a27578f13a17b -> 
  custom:container-demuxer-webm: 4f35f7cbe854078d1ac9338744f61a02 -> 
  custom:container-demuxer-ogg: 62fdf1f143b41e24485cea50d1cbac27 -> 
  custom:video-encoder-webm-vp8: eb34c28f22e8b96e1ab97ce403110664 -> 
  custom:video-decoder-webm-vp8: 9c59270c3fd7afecdb556c50c9e8de78 -> 
  custom:audio-decoder-ogg-vorbis: bf7c407c2cedff20999df2af8eb42d56 -> 
  custom:audio-encoder-webm-vorbis: bf7c407c2cedff20999df2af8eb42d56 -> 
========================================================================
Received Import Request.
  path: Assets/Prefabs/Missile.prefab
  artifactKey: Guid(605630e7ee1d5f046bebc64efa24bb5a) Importer(815301076,1909f56bfc062723c751e8b465ee728b)
Start importing Assets/Prefabs/Missile.prefab using Guid(605630e7ee1d5f046bebc64efa24bb5a) Importer(815301076,1909f56bfc062723c751e8b465ee728b)  -> (artifact id: '10386176f8032d80f36f5054cac928fd') in 0.150358 seconds 
========================================================================
Received Import Request.
  Time since last request: 0.000187 seconds.
  path: Assets/Prefabs/EnemyMissile.prefab
  artifactKey: Guid(5088e070ae427a74aa1fdfab057bfabc) Importer(815301076,1909f56bfc062723c751e8b465ee728b)
Start importing Assets/Prefabs/EnemyMissile.prefab using Guid(5088e070ae427a74aa1fdfab057bfabc) Importer(815301076,1909f56bfc062723c751e8b465ee728b)  -> (artifact id: 'da0726e2c3f77cb2bd34015d9e603c72') in 0.019943 seconds 
========================================================================
Received Import Request.
  Time since last request: 0.000219 seconds.
  path: Assets/Prefabs/EnergyTankB.prefab
  artifactKey: Guid(a2085f5607afd1e48b0d7f3516a14c8e) Importer(815301076,1909f56bfc062723c751e8b465ee728b)
Start importing Assets/Prefabs/EnergyTankB.prefab using Guid(a2085f5607afd1e48b0d7f3516a14c8e) Importer(815301076,1909f56bfc062723c751e8b465ee728b)  -> (artifact id: '2e1dd9ce13f95625de12b748165972ba') in 0.181154 seconds 
========================================================================
Received Import Request.
  Time since last request: 0.000235 seconds.
  path: Assets/Prefabs/MissileParticle.prefab
  artifactKey: Guid(64e8f4e9f416b3f4395b7ebd7f88cd10) Importer(815301076,1909f56bfc062723c751e8b465ee728b)
Start importing Assets/Prefabs/MissileParticle.prefab using Guid(64e8f4e9f416b3f4395b7ebd7f88cd10) Importer(815301076,1909f56bfc062723c751e8b465ee728b)  -> (artifact id: 'b429dd816aa16d79291673052d44ab3e') in 0.007071 seconds 
========================================================================
Received Import Request.
  Time since last request: 0.000304 seconds.
  path: Assets/Prefabs/DroneParticle.prefab
  artifactKey: Guid(b4e14893a1d05f941a8e921eb204d5c2) Importer(815301076,1909f56bfc062723c751e8b465ee728b)
Start importing Assets/Prefabs/DroneParticle.prefab using Guid(b4e14893a1d05f941a8e921eb204d5c2) Importer(815301076,1909f56bfc062723c751e8b465ee728b)  -> (artifact id: '62b91a59ab1a3be46ebdc542c8f7bccf') in 0.009430 seconds 
========================================================================
Received Import Request.
  Time since last request: 0.000200 seconds.
  path: Assets/Prefabs/BaseTerrain.prefab
  artifactKey: Guid(e0cdd385eaacd68499a9209fc8f166e4) Importer(815301076,1909f56bfc062723c751e8b465ee728b)
Start importing Assets/Prefabs/BaseTerrain.prefab using Guid(e0cdd385eaacd68499a9209fc8f166e4) Importer(815301076,1909f56bfc062723c751e8b465ee728b)  -> (artifact id: 'ba4b1c7fabee7d6271d5629bda35a0f0') in 0.008564 seconds 
========================================================================
Received Import Request.
  Time since last request: 0.000181 seconds.
  path: Assets/Prefabs/AirCraftA.prefab
  artifactKey: Guid(00a67bac3fd6c4d4392922f371e2718d) Importer(815301076,1909f56bfc062723c751e8b465ee728b)
Start importing Assets/Prefabs/AirCraftA.prefab using Guid(00a67bac3fd6c4d4392922f371e2718d) Importer(815301076,1909f56bfc062723c751e8b465ee728b)  -> (artifact id: 'db5f3733dca03b17c725c17d3ca997fa') in 0.019094 seconds 
========================================================================
Received Import Request.
  Time since last request: 0.000164 seconds.
  path: Assets/Prefabs/EnemyExplosion(Big).prefab
  artifactKey: Guid(de4fc88243cf24242bf1acdce86fec26) Importer(815301076,1909f56bfc062723c751e8b465ee728b)
Start importing Assets/Prefabs/EnemyExplosion(Big).prefab using Guid(de4fc88243cf24242bf1acdce86fec26) Importer(815301076,1909f56bfc062723c751e8b465ee728b)  -> (artifact id: 'b0d5741bd966dfce99d29be428ad37b1') in 0.028486 seconds 
========================================================================
Received Import Request.
  Time since last request: 0.000187 seconds.
  path: Assets/Prefabs/SAM.prefab
  artifactKey: Guid(72eaaab6733f43142951afd12b3c07ea) Importer(815301076,1909f56bfc062723c751e8b465ee728b)
Start importing Assets/Prefabs/SAM.prefab using Guid(72eaaab6733f43142951afd12b3c07ea) Importer(815301076,1909f56bfc062723c751e8b465ee728b)  -> (artifact id: '423fffa5178141c5587d5dce40c68a42') in 0.017269 seconds 
========================================================================
Received Import Request.
  Time since last request: 0.000212 seconds.
  path: Assets/Prefabs/EnergyTankA.prefab
  artifactKey: Guid(1b3267aa7bd1d654d9a2d0d6d2bd070c) Importer(815301076,1909f56bfc062723c751e8b465ee728b)
Start importing Assets/Prefabs/EnergyTankA.prefab using Guid(1b3267aa7bd1d654d9a2d0d6d2bd070c) Importer(815301076,1909f56bfc062723c751e8b465ee728b)  -> (artifact id: '41667e3d2699b0a40426a81de6944c11') in 0.016871 seconds 
========================================================================
Received Import Request.
  Time since last request: 0.000166 seconds.
  path: Assets/Prefabs/GameObjectGroup.prefab
  artifactKey: Guid(bb7f7a45f7224be42ab7db5ceed14213) Importer(815301076,1909f56bfc062723c751e8b465ee728b)
Start importing Assets/Prefabs/GameObjectGroup.prefab using Guid(bb7f7a45f7224be42ab7db5ceed14213) Importer(815301076,1909f56bfc062723c751e8b465ee728b)  -> (artifact id: 'c1968e7af3e2e5fa168430a97d239d8c') in 0.003135 seconds 
========================================================================
Received Import Request.
  Time since last request: 0.000193 seconds.
  path: Assets/Prefabs/SAMLane.prefab
  artifactKey: Guid(00211a557c97d904594a6f790d92858e) Importer(815301076,1909f56bfc062723c751e8b465ee728b)
Start importing Assets/Prefabs/SAMLane.prefab using Guid(00211a557c97d904594a6f790d92858e) Importer(815301076,1909f56bfc062723c751e8b465ee728b)  -> (artifact id: '1700ac48c303685c4c9e24a96e68a201') in 0.010761 seconds 
========================================================================
Received Import Request.
  Time since last request: 0.000193 seconds.
  path: Assets/Prefabs/EnemyDrone.prefab
  artifactKey: Guid(427ed7208bdf29a4b88f94ca17ba9678) Importer(815301076,1909f56bfc062723c751e8b465ee728b)
Start importing Assets/Prefabs/EnemyDrone.prefab using Guid(427ed7208bdf29a4b88f94ca17ba9678) Importer(815301076,1909f56bfc062723c751e8b465ee728b)  -> (artifact id: '646d1c2d60072c2fa87f4752b2d64050') in 0.017631 seconds 
========================================================================
Received Import Request.
  Time since last request: 0.000214 seconds.
  path: Assets/Prefabs/EnemyExplosion.prefab
  artifactKey: Guid(4f7402effcac6764db943fe046400eac) Importer(815301076,1909f56bfc062723c751e8b465ee728b)
Start importing Assets/Prefabs/EnemyExplosion.prefab using Guid(4f7402effcac6764db943fe046400eac) Importer(815301076,1909f56bfc062723c751e8b465ee728b)  -> (artifact id: '0c667fdf65f55f4572811e802c6da354') in 0.009851 seconds 
========================================================================
Received Import Request.
  Time since last request: 0.000169 seconds.
  path: Assets/Prefabs/EnemyMissile2.prefab
  artifactKey: Guid(07fceaae1f3ad454f97d42bce0c1ba03) Importer(815301076,1909f56bfc062723c751e8b465ee728b)
Start importing Assets/Prefabs/EnemyMissile2.prefab using Guid(07fceaae1f3ad454f97d42bce0c1ba03) Importer(815301076,1909f56bfc062723c751e8b465ee728b)  -> (artifact id: '42e99b067e122f9a7360187a23b305e7') in 0.012727 seconds 
========================================================================
Received Import Request.
  Time since last request: 0.000191 seconds.
  path: Assets/Prefabs/EnemyMissile(old).prefab
  artifactKey: Guid(63698767eb188ae4b8b1ce0abff96fbb) Importer(815301076,1909f56bfc062723c751e8b465ee728b)
Start importing Assets/Prefabs/EnemyMissile(old).prefab using Guid(63698767eb188ae4b8b1ce0abff96fbb) Importer(815301076,1909f56bfc062723c751e8b465ee728b)  -> (artifact id: '0a3fb31eaebbff7d0c5a00d794e7412c') in 0.088994 seconds 
========================================================================
Received Import Request.
  Time since last request: 0.000179 seconds.
  path: Assets/Prefabs/Player.prefab
  artifactKey: Guid(2b423b41330b0044ebf8a32ee9562bf5) Importer(815301076,1909f56bfc062723c751e8b465ee728b)
Start importing Assets/Prefabs/Player.prefab using Guid(2b423b41330b0044ebf8a32ee9562bf5) Importer(815301076,1909f56bfc062723c751e8b465ee728b)  -> (artifact id: '28a1313abc57c095c07a6464dd2df295') in 0.023711 seconds 
========================================================================
Received Import Request.
  Time since last request: 0.000192 seconds.
  path: Assets/Prefabs/Missile(old).prefab
  artifactKey: Guid(b9a9f46fc2f16034c9beaeac90f2662e) Importer(815301076,1909f56bfc062723c751e8b465ee728b)
Start importing Assets/Prefabs/Missile(old).prefab using Guid(b9a9f46fc2f16034c9beaeac90f2662e) Importer(815301076,1909f56bfc062723c751e8b465ee728b)  -> (artifact id: 'c22363a6619bedee82d73671c44595a8') in 0.008514 seconds 
========================================================================
Received Import Request.
  Time since last request: 0.000199 seconds.
  path: Assets/Prefabs/AirCraftB.prefab
  artifactKey: Guid(48ea0e0912d1dc14199890b747dc1cc1) Importer(815301076,1909f56bfc062723c751e8b465ee728b)
Start importing Assets/Prefabs/AirCraftB.prefab using Guid(48ea0e0912d1dc14199890b747dc1cc1) Importer(815301076,1909f56bfc062723c751e8b465ee728b)  -> (artifact id: 'c87bbdbcde391dc952154f546d45400f') in 0.018477 seconds 
========================================================================
Received Import Request.
  Time since last request: 0.000241 seconds.
  path: Assets/Prefabs/BulletExplosion .prefab
  artifactKey: Guid(f3c03bf840fec5d4c99a402f945584d0) Importer(815301076,1909f56bfc062723c751e8b465ee728b)
Start importing Assets/Prefabs/BulletExplosion .prefab using Guid(f3c03bf840fec5d4c99a402f945584d0) Importer(815301076,1909f56bfc062723c751e8b465ee728b)  -> (artifact id: 'e575d76c6e13bef244bb28bcf7b5aee6') in 0.013458 seconds 
========================================================================
Received Import Request.
  Time since last request: 0.000199 seconds.
  path: Assets/Prefabs/Bullet.prefab
  artifactKey: Guid(e47f49956e73d6a48895ee603c4dc976) Importer(815301076,1909f56bfc062723c751e8b465ee728b)
Start importing Assets/Prefabs/Bullet.prefab using Guid(e47f49956e73d6a48895ee603c4dc976) Importer(815301076,1909f56bfc062723c751e8b465ee728b)  -> (artifact id: 'dbee05f9ad9c99f5abf66fb7d1cb07f3') in 0.008971 seconds 
========================================================================
Received Import Request.
  Time since last request: 0.000156 seconds.
  path: Assets/Prefabs/EngineParticle.prefab
  artifactKey: Guid(9d064bb2c5a2516468a5429e5bc09dbf) Importer(815301076,1909f56bfc062723c751e8b465ee728b)
Start importing Assets/Prefabs/EngineParticle.prefab using Guid(9d064bb2c5a2516468a5429e5bc09dbf) Importer(815301076,1909f56bfc062723c751e8b465ee728b)  -> (artifact id: '1f4228a117115f30ac75b551757a2bca') in 0.008935 seconds 
========================================================================
Received Import Request.
  Time since last request: 0.000203 seconds.
  path: Assets/Prefabs/TerrainCube.prefab
  artifactKey: Guid(a78b4728845b9bc44a970dc85f101531) Importer(815301076,1909f56bfc062723c751e8b465ee728b)
Start importing Assets/Prefabs/TerrainCube.prefab using Guid(a78b4728845b9bc44a970dc85f101531) Importer(815301076,1909f56bfc062723c751e8b465ee728b)  -> (artifact id: '4733f8df83bd8677d5f536beb031e796') in 0.008290 seconds 
========================================================================
Received Import Request.
  Time since last request: 0.000159 seconds.
  path: Assets/Prefabs/EnemyCube.prefab
  artifactKey: Guid(e0d459fb04f6b654a8bb619b4d026dc3) Importer(815301076,1909f56bfc062723c751e8b465ee728b)
Start importing Assets/Prefabs/EnemyCube.prefab using Guid(e0d459fb04f6b654a8bb619b4d026dc3) Importer(815301076,1909f56bfc062723c751e8b465ee728b)  -> (artifact id: 'f88741fe40c4eceeea4b6610b58891c0') in 0.013212 seconds 
========================================================================
Received Import Request.
  Time since last request: 0.000173 seconds.
  path: Assets/Prefabs/MissileExplosion.prefab
  artifactKey: Guid(b7be447643c886b45968157e2438ee44) Importer(815301076,1909f56bfc062723c751e8b465ee728b)
Start importing Assets/Prefabs/MissileExplosion.prefab using Guid(b7be447643c886b45968157e2438ee44) Importer(815301076,1909f56bfc062723c751e8b465ee728b)  -> (artifact id: '62f9c6ba5b1342254f8b6b2b3b4658a7') in 0.028004 seconds 
========================================================================
Received Import Request.
  Time since last request: 39.855500 seconds.
  path: Assets/Standard Assets/ParticleSystems/Materials/ParticleSpark.mat
  artifactKey: Guid(f63c576739a709747a1a571260d4fabd) Importer(815301076,1909f56bfc062723c751e8b465ee728b)
Start importing Assets/Standard Assets/ParticleSystems/Materials/ParticleSpark.mat using Guid(f63c576739a709747a1a571260d4fabd) Importer(815301076,1909f56bfc062723c751e8b465ee728b)  -> (artifact id: '69f2dbbe9cffe24d008f1551bf9a3d80') in 0.029215 seconds 
AssetImportWorkerClient::OnTransportError - code=2 error=End of file
